c:\users\octopc\documents\ilann emilio maya campos___github\48engine\pseudoengine48 - motor\pseudoengine\pseudoengine\x64\debug\vc143.pdb
c:\users\octopc\documents\ilann emilio maya campos___github\48engine\pseudoengine48 - motor\pseudoengine\pseudoengine\x64\debug\vc143.idb
c:\users\octopc\documents\ilann emilio maya campos___github\48engine\pseudoengine48 - motor\pseudoengine\pseudoengine\x64\debug\render.obj
c:\users\octopc\documents\ilann emilio maya campos___github\48engine\pseudoengine48 - motor\pseudoengine\pseudoengine\x64\debug\raycast.obj
c:\users\octopc\documents\ilann emilio maya campos___github\48engine\pseudoengine48 - motor\pseudoengine\pseudoengine\x64\debug\vec2.obj
c:\users\octopc\documents\ilann emilio maya campos___github\48engine\pseudoengine48 - motor\pseudoengine\pseudoengine\x64\debug\mathutils.obj
c:\users\octopc\documents\ilann emilio maya campos___github\48engine\pseudoengine48 - motor\pseudoengine\pseudoengine\x64\debug\input.obj
c:\users\octopc\documents\ilann emilio maya campos___github\48engine\pseudoengine48 - motor\pseudoengine\pseudoengine\x64\debug\collisionsystem.obj
c:\users\octopc\documents\ilann emilio maya campos___github\48engine\pseudoengine48 - motor\pseudoengine\pseudoengine\x64\debug\pseudoengine.obj
c:\users\octopc\documents\ilann emilio maya campos___github\48engine\pseudoengine48 - motor\pseudoengine\x64\debug\pseudoengine.pdb
c:\users\octopc\documents\ilann emilio maya campos___github\48engine\pseudoengine48 - motor\pseudoengine\pseudoengine\x64\debug\pseudoengine.tlog\cl.command.1.tlog
c:\users\octopc\documents\ilann emilio maya campos___github\48engine\pseudoengine48 - motor\pseudoengine\pseudoengine\x64\debug\pseudoengine.tlog\cl.read.1.tlog
c:\users\octopc\documents\ilann emilio maya campos___github\48engine\pseudoengine48 - motor\pseudoengine\pseudoengine\x64\debug\pseudoengine.tlog\cl.write.1.tlog
c:\users\octopc\documents\ilann emilio maya campos___github\48engine\pseudoengine48 - motor\pseudoengine\pseudoengine\x64\debug\pseudoengine.tlog\link-cvtres.read.1.tlog
c:\users\octopc\documents\ilann emilio maya campos___github\48engine\pseudoengine48 - motor\pseudoengine\pseudoengine\x64\debug\pseudoengine.tlog\link-cvtres.write.1.tlog
c:\users\octopc\documents\ilann emilio maya campos___github\48engine\pseudoengine48 - motor\pseudoengine\pseudoengine\x64\debug\pseudoengine.tlog\link-rc.read.1.tlog
c:\users\octopc\documents\ilann emilio maya campos___github\48engine\pseudoengine48 - motor\pseudoengine\pseudoengine\x64\debug\pseudoengine.tlog\link-rc.write.1.tlog
c:\users\octopc\documents\ilann emilio maya campos___github\48engine\pseudoengine48 - motor\pseudoengine\pseudoengine\x64\debug\pseudoengine.tlog\link.command.1.tlog
c:\users\octopc\documents\ilann emilio maya campos___github\48engine\pseudoengine48 - motor\pseudoengine\pseudoengine\x64\debug\pseudoengine.tlog\link.read.1.tlog
c:\users\octopc\documents\ilann emilio maya campos___github\48engine\pseudoengine48 - motor\pseudoengine\pseudoengine\x64\debug\pseudoengine.tlog\link.read.2.tlog
c:\users\octopc\documents\ilann emilio maya campos___github\48engine\pseudoengine48 - motor\pseudoengine\pseudoengine\x64\debug\pseudoengine.tlog\link.read.3.tlog
c:\users\octopc\documents\ilann emilio maya campos___github\48engine\pseudoengine48 - motor\pseudoengine\pseudoengine\x64\debug\pseudoengine.tlog\link.read.4.tlog
c:\users\octopc\documents\ilann emilio maya campos___github\48engine\pseudoengine48 - motor\pseudoengine\pseudoengine\x64\debug\pseudoengine.tlog\link.write.1.tlog
